Performing C SOURCE FILE Test CMAKE_HAVE_LIBC_PTHREAD failed with the following output:
Change Dir: /home/csmajs/bdo023/lab-01---introduction-to-software-construction-tooling-FireFly0000/CMakeFiles/CMakeTmp

Run Build Command(s):/opt/rh/devtoolset-6/root/usr/bin/gmake cmTC_3e81f/fast && /opt/rh/devtoolset-6/root/usr/bin/gmake  -f CMakeFiles/cmTC_3e81f.dir/build.make CMakeFiles/cmTC_3e81f.dir/build
gmake[1]: Entering directory '/home/csmajs/bdo023/lab-01---introduction-to-software-construction-tooling-FireFly0000/CMakeFiles/CMakeTmp'
Building C object CMakeFiles/cmTC_3e81f.dir/src.c.o
/opt/rh/devtoolset-6/root/usr/bin/cc   -DCMAKE_HAVE_LIBC_PTHREAD   -o CMakeFiles/cmTC_3e81f.dir/src.c.o   -c /home/csmajs/bdo023/lab-01---introduction-to-software-construction-tooling-FireFly0000/CMakeFiles/CMakeTmp/src.c
Linking C executable cmTC_3e81f
/usr/bin/cmake3 -E cmake_link_script CMakeFiles/cmTC_3e81f.dir/link.txt --verbose=1
/opt/rh/devtoolset-6/root/usr/bin/cc  -DCMAKE_HAVE_LIBC_PTHREAD    -rdynamic CMakeFiles/cmTC_3e81f.dir/src.c.o  -o cmTC_3e81f 
CMakeFiles/cmTC_3e81f.dir/src.c.o: In function `main':
src.c:(.text+0x2d): undefined reference to `pthread_create'
src.c:(.text+0x39): undefined reference to `pthread_detach'
src.c:(.text+0x45): undefined reference to `pthread_cancel'
src.c:(.text+0x56): undefined reference to `pthread_join'
src.c:(.text+0x6a): undefined reference to `pthread_atfork'
collect2: error: ld returned 1 exit status
CMakeFiles/cmTC_3e81f.dir/build.make:106: recipe for target 'cmTC_3e81f' failed
gmake[1]: *** [cmTC_3e81f] Error 1
gmake[1]: Leaving directory '/home/csmajs/bdo023/lab-01---introduction-to-software-construction-tooling-FireFly0000/CMakeFiles/CMakeTmp'
Makefile:141: recipe for target 'cmTC_3e81f/fast' failed
gmake: *** [cmTC_3e81f/fast] Error 2


Source file was:
#include <pthread.h>

void* test_func(void* data)
{
  return data;
}

int main(void)
{
  pthread_t thread;
  pthread_create(&thread, NULL, test_func, NULL);
  pthread_detach(thread);
  pthread_cancel(thread);
  pthread_join(thread, NULL);
  pthread_atfork(NULL, NULL, NULL);
  pthread_exit(NULL);

  return 0;
}

Determining if the function pthread_create exists in the pthreads failed with the following output:
Change Dir: /home/csmajs/bdo023/lab-01---introduction-to-software-construction-tooling-FireFly0000/CMakeFiles/CMakeTmp

Run Build Command(s):/opt/rh/devtoolset-6/root/usr/bin/gmake cmTC_2e64a/fast && /opt/rh/devtoolset-6/root/usr/bin/gmake  -f CMakeFiles/cmTC_2e64a.dir/build.make CMakeFiles/cmTC_2e64a.dir/build
gmake[1]: Entering directory '/home/csmajs/bdo023/lab-01---introduction-to-software-construction-tooling-FireFly0000/CMakeFiles/CMakeTmp'
Building C object CMakeFiles/cmTC_2e64a.dir/CheckFunctionExists.c.o
/opt/rh/devtoolset-6/root/usr/bin/cc   -DCHECK_FUNCTION_EXISTS=pthread_create   -o CMakeFiles/cmTC_2e64a.dir/CheckFunctionExists.c.o   -c /usr/share/cmake3/Modules/CheckFunctionExists.c
Linking C executable cmTC_2e64a
/usr/bin/cmake3 -E cmake_link_script CMakeFiles/cmTC_2e64a.dir/link.txt --verbose=1
/opt/rh/devtoolset-6/root/usr/bin/cc  -DCHECK_FUNCTION_EXISTS=pthread_create    -rdynamic CMakeFiles/cmTC_2e64a.dir/CheckFunctionExists.c.o  -o cmTC_2e64a  -lpthreads 
/opt/rh/devtoolset-6/root/usr/libexec/gcc/x86_64-redhat-linux/6.3.1/ld: cannot find -lpthreads
collect2: error: ld returned 1 exit status
CMakeFiles/cmTC_2e64a.dir/build.make:106: recipe for target 'cmTC_2e64a' failed
gmake[1]: *** [cmTC_2e64a] Error 1
gmake[1]: Leaving directory '/home/csmajs/bdo023/lab-01---introduction-to-software-construction-tooling-FireFly0000/CMakeFiles/CMakeTmp'
Makefile:141: recipe for target 'cmTC_2e64a/fast' failed
gmake: *** [cmTC_2e64a/fast] Error 2



